# JRE version: Java(TM) SE Runtime Environment (7.0_67-b01) (build 1.7.0_67-b01)
# Java VM: Java HotSpot(TM) 64-Bit Server VM (24.65-b04 mixed mode windows-amd64 compressed oops)
Heap
 PSYoungGen      total 276480K, used 224768K [0x00000000eaa80000, 0x00000000fec80000, 0x0000000100000000)
  eden space 224768K, 100% used [0x00000000eaa80000,0x00000000f8600000,0x00000000f8600000)
  from space 51712K, 0% used [0x00000000fb900000,0x00000000fb900000,0x00000000feb80000)
  to   space 52224K, 32% used [0x00000000f8600000,0x00000000f9680020,0x00000000fb900000)
 ParOldGen       total 130048K, used 63113K [0x00000000c0000000, 0x00000000c7f00000, 0x00000000eaa80000)
  object space 130048K, 48% used [0x00000000c0000000,0x00000000c3da2608,0x00000000c7f00000)
 PSPermGen       total 131072K, used 91806K [0x00000000b0000000, 0x00000000b8000000, 0x00000000c0000000)
  object space 131072K, 70% used [0x00000000b0000000,0x00000000b59a7a80,0x00000000b8000000)
GC Heap History (10 events):
Event: 2328.474 GC heap after
Heap after GC invocations=14 (full 3):
 PSYoungGen      total 246784K, used 0K [0x00000000eaa80000, 0x0000000100000000, 0x0000000100000000)
  eden space 244224K, 0% used [0x00000000eaa80000,0x00000000eaa80000,0x00000000f9900000)
  from space 2560K, 0% used [0x00000000f9900000,0x00000000f9900000,0x00000000f9b80000)
  to   space 53248K, 0% used [0x00000000fcc00000,0x00000000fcc00000,0x0000000100000000)
 ParOldGen       total 130048K, used 32085K [0x00000000c0000000, 0x00000000c7f00000, 0x00000000eaa80000)
  object space 130048K, 24% used [0x00000000c0000000,0x00000000c1f555d8,0x00000000c7f00000)
 PSPermGen       total 114688K, used 63172K [0x00000000b0000000, 0x00000000b7000000, 0x00000000c0000000)
  object space 114688K, 55% used [0x00000000b0000000,0x00000000b3db10f0,0x00000000b7000000)
}
Event: 2369.854 GC heap before
{Heap before GC invocations=15 (full 3):
 PSYoungGen      total 246784K, used 244224K [0x00000000eaa80000, 0x0000000100000000, 0x0000000100000000)
  eden space 244224K, 100% used [0x00000000eaa80000,0x00000000f9900000,0x00000000f9900000)
  from space 2560K, 0% used [0x00000000f9900000,0x00000000f9900000,0x00000000f9b80000)
  to   space 53248K, 0% used [0x00000000fcc00000,0x00000000fcc00000,0x0000000100000000)
 ParOldGen       total 130048K, used 32085K [0x00000000c0000000, 0x00000000c7f00000, 0x00000000eaa80000)
  object space 130048K, 24% used [0x00000000c0000000,0x00000000c1f555d8,0x00000000c7f00000)
 PSPermGen       total 114688K, used 72261K [0x00000000b0000000, 0x00000000b7000000, 0x00000000c0000000)
  object space 114688K, 63% used [0x00000000b0000000,0x00000000b4691450,0x00000000b7000000)
Event: 2369.908 GC heap after
Heap after GC invocations=15 (full 3):
 PSYoungGen      total 279040K, used 29585K [0x00000000eaa80000, 0x00000000ff780000, 0x0000000100000000)
  eden space 234496K, 0% used [0x00000000eaa80000,0x00000000eaa80000,0x00000000f8f80000)
  from space 44544K, 66% used [0x00000000fcc00000,0x00000000fe8e4568,0x00000000ff780000)
  to   space 53248K, 0% used [0x00000000f8f80000,0x00000000f8f80000,0x00000000fc380000)
 ParOldGen       total 130048K, used 32085K [0x00000000c0000000, 0x00000000c7f00000, 0x00000000eaa80000)
  object space 130048K, 24% used [0x00000000c0000000,0x00000000c1f555d8,0x00000000c7f00000)
 PSPermGen       total 114688K, used 72261K [0x00000000b0000000, 0x00000000b7000000, 0x00000000c0000000)
  object space 114688K, 63% used [0x00000000b0000000,0x00000000b4691450,0x00000000b7000000)
}
Event: 2853.094 GC heap before
{Heap before GC invocations=16 (full 3):
 PSYoungGen      total 279040K, used 264081K [0x00000000eaa80000, 0x00000000ff780000, 0x0000000100000000)
  eden space 234496K, 100% used [0x00000000eaa80000,0x00000000f8f80000,0x00000000f8f80000)
  from space 44544K, 66% used [0x00000000fcc00000,0x00000000fe8e4568,0x00000000ff780000)
  to   space 53248K, 0% used [0x00000000f8f80000,0x00000000f8f80000,0x00000000fc380000)
 ParOldGen       total 130048K, used 32085K [0x00000000c0000000, 0x00000000c7f00000, 0x00000000eaa80000)
  object space 130048K, 24% used [0x00000000c0000000,0x00000000c1f555d8,0x00000000c7f00000)
 PSPermGen       total 114688K, used 81926K [0x00000000b0000000, 0x00000000b7000000, 0x00000000c0000000)
  object space 114688K, 71% used [0x00000000b0000000,0x00000000b50018a0,0x00000000b7000000)
Event: 2853.154 GC heap after
Heap after GC invocations=16 (full 3):
 PSYoungGen      total 251904K, used 26352K [0x00000000eaa80000, 0x00000000feb80000, 0x0000000100000000)
  eden space 225280K, 0% used [0x00000000eaa80000,0x00000000eaa80000,0x00000000f8680000)
  from space 26624K, 98% used [0x00000000f8f80000,0x00000000fa93c208,0x00000000fa980000)
  to   space 51712K, 0% used [0x00000000fb900000,0x00000000fb900000,0x00000000feb80000)
 ParOldGen       total 130048K, used 51925K [0x00000000c0000000, 0x00000000c7f00000, 0x00000000eaa80000)
  object space 130048K, 39% used [0x00000000c0000000,0x00000000c32b5458,0x00000000c7f00000)
 PSPermGen       total 114688K, used 81926K [0x00000000b0000000, 0x00000000b7000000, 0x00000000c0000000)
  object space 114688K, 71% used [0x00000000b0000000,0x00000000b50018a0,0x00000000b7000000)
}
Event: 2856.779 GC heap before
{Heap before GC invocations=17 (full 3):
 PSYoungGen      total 251904K, used 128446K [0x00000000eaa80000, 0x00000000feb80000, 0x0000000100000000)
  eden space 225280K, 45% used [0x00000000eaa80000,0x00000000f0e33778,0x00000000f8680000)
  from space 26624K, 98% used [0x00000000f8f80000,0x00000000fa93c208,0x00000000fa980000)
  to   space 51712K, 0% used [0x00000000fb900000,0x00000000fb900000,0x00000000feb80000)
 ParOldGen       total 130048K, used 51925K [0x00000000c0000000, 0x00000000c7f00000, 0x00000000eaa80000)
  object space 130048K, 39% used [0x00000000c0000000,0x00000000c32b5458,0x00000000c7f00000)
 PSPermGen       total 114688K, used 83088K [0x00000000b0000000, 0x00000000b7000000, 0x00000000c0000000)
  object space 114688K, 72% used [0x00000000b0000000,0x00000000b5124130,0x00000000b7000000)
Event: 2856.802 GC heap after
Heap after GC invocations=17 (full 3):
 PSYoungGen      total 276480K, used 2274K [0x00000000eaa80000, 0x00000000fec80000, 0x0000000100000000)
  eden space 224768K, 0% used [0x00000000eaa80000,0x00000000eaa80000,0x00000000f8600000)
  from space 51712K, 4% used [0x00000000fb900000,0x00000000fbb38ba0,0x00000000feb80000)
  to   space 52224K, 0% used [0x00000000f8600000,0x00000000f8600000,0x00000000fb900000)
 ParOldGen       total 130048K, used 67774K [0x00000000c0000000, 0x00000000c7f00000, 0x00000000eaa80000)
  object space 130048K, 52% used [0x00000000c0000000,0x00000000c422f9d0,0x00000000c7f00000)
 PSPermGen       total 114688K, used 83088K [0x00000000b0000000, 0x00000000b7000000, 0x00000000c0000000)
  object space 114688K, 72% used [0x00000000b0000000,0x00000000b5124130,0x00000000b7000000)
}
Event: 2856.802 GC heap before
{Heap before GC invocations=18 (full 4):
 PSYoungGen      total 276480K, used 2274K [0x00000000eaa80000, 0x00000000fec80000, 0x0000000100000000)
  eden space 224768K, 0% used [0x00000000eaa80000,0x00000000eaa80000,0x00000000f8600000)
  from space 51712K, 4% used [0x00000000fb900000,0x00000000fbb38ba0,0x00000000feb80000)
  to   space 52224K, 0% used [0x00000000f8600000,0x00000000f8600000,0x00000000fb900000)
 ParOldGen       total 130048K, used 67774K [0x00000000c0000000, 0x00000000c7f00000, 0x00000000eaa80000)
  object space 130048K, 52% used [0x00000000c0000000,0x00000000c422f9d0,0x00000000c7f00000)
 PSPermGen       total 114688K, used 83088K [0x00000000b0000000, 0x00000000b7000000, 0x00000000c0000000)
  object space 114688K, 72% used [0x00000000b0000000,0x00000000b5124130,0x00000000b7000000)
Event: 2857.696 GC heap after
Heap after GC invocations=18 (full 4):
 PSYoungGen      total 276480K, used 0K [0x00000000eaa80000, 0x00000000fec80000, 0x0000000100000000)
  eden space 224768K, 0% used [0x00000000eaa80000,0x00000000eaa80000,0x00000000f8600000)
  from space 51712K, 0% used [0x00000000fb900000,0x00000000fb900000,0x00000000feb80000)
  to   space 52224K, 0% used [0x00000000f8600000,0x00000000f8600000,0x00000000fb900000)
 ParOldGen       total 130048K, used 63113K [0x00000000c0000000, 0x00000000c7f00000, 0x00000000eaa80000)
  object space 130048K, 48% used [0x00000000c0000000,0x00000000c3da2608,0x00000000c7f00000)
 PSPermGen       total 131072K, used 83075K [0x00000000b0000000, 0x00000000b8000000, 0x00000000c0000000)
  object space 131072K, 63% used [0x00000000b0000000,0x00000000b5120f28,0x00000000b8000000)
}
Event: 2924.932 GC heap before
{Heap before GC invocations=19 (full 4):
 PSYoungGen      total 276480K, used 224768K [0x00000000eaa80000, 0x00000000fec80000, 0x0000000100000000)
  eden space 224768K, 100% used [0x00000000eaa80000,0x00000000f8600000,0x00000000f8600000)
  from space 51712K, 0% used [0x00000000fb900000,0x00000000fb900000,0x00000000feb80000)
  to   space 52224K, 0% used [0x00000000f8600000,0x00000000f8600000,0x00000000fb900000)
 ParOldGen       total 130048K, used 63113K [0x00000000c0000000, 0x00000000c7f00000, 0x00000000eaa80000)
  object space 130048K, 48% used [0x00000000c0000000,0x00000000c3da2608,0x00000000c7f00000)
 PSPermGen       total 131072K, used 91806K [0x00000000b0000000, 0x00000000b8000000, 0x00000000c0000000)
  object space 131072K, 70% used [0x00000000b0000000,0x00000000b59a7a80,0x00000000b8000000)

